This is pdfTeXk, Version 3.1415926-1.40.9 (Web2C 7.5.7) (format=latex 2009.7.2)  6 OCT 2009 02:11
entering extended mode
 %&-line parsing enabled.
**estylf2010_es.tex
(./estylf2010_es.tex
LaTeX2e <2005/12/01>
Babel <v3.8l> and hyphenation patterns for english, usenglishmax, dumylang, noh
yphenation, german-x-2008-06-18, ngerman-x-2008-06-18, ancientgreek, ibycus, ar
abic, basque, bulgarian, catalan, pinyin, coptic, croatian, czech, danish, dutc
h, esperanto, estonian, farsi, finnish, french, galician, german, ngerman, mono
greek, greek, hungarian, icelandic, indonesian, interlingua, irish, italian, la
tin, lithuanian, mongolian, mongolian2a, bokmal, nynorsk, polish, portuguese, r
omanian, russian, sanskrit, serbian, slovak, slovenian, spanish, swedish, turki
sh, ukenglish, ukrainian, uppersorbian, welsh, loaded.
(/usr/local/texlive/2008/texmf-dist/tex/latex/base/latex209.def
File: latex209.def 1998/05/13 v0.52 Standard LaTeX file


          Entering LaTeX 2.09 COMPATIBILITY MODE
 *************************************************************
    !!WARNING!!    !!WARNING!!    !!WARNING!!    !!WARNING!!   
 
 This mode attempts to provide an emulation of the LaTeX 2.09
 author environment so that OLD documents can be successfully
 processed. It should NOT be used for NEW documents!
 
 New documents should use Standard LaTeX conventions and start
 with the \documentclass command.
 
 Compatibility mode is UNLIKELY TO WORK with LaTeX 2.09 style
 files that change any internal macros, especially not with
 those that change the FONT SELECTION or OUTPUT ROUTINES.
 
 Therefore such style files MUST BE UPDATED to use
          Current Standard LaTeX: LaTeX2e.
 If you suspect that you may be using such a style file, which
 is probably very, very old by now, then you should attempt to
 get it updated by sending a copy of this error message to the
 author of that file.
 *************************************************************

\footheight=\dimen102
\@maxsep=\dimen103
\@dblmaxsep=\dimen104
\@cla=\count79
\@clb=\count80
\mscount=\count81
(/usr/local/texlive/2008/texmf-dist/tex/latex/base/tracefnt.sty
Package: tracefnt 1997/05/29 v3.0j Standard LaTeX package (font tracing)
\tracingfonts=\count82
LaTeX Info: Redefining \selectfont on input line 101.
)
\symbold=\mathgroup4
\symsans=\mathgroup5
\symtypewriter=\mathgroup6
\symitalic=\mathgroup7
\symsmallcaps=\mathgroup8
\symslanted=\mathgroup9
LaTeX Font Info:    Redeclaring math alphabet \mathbf on input line 293.
LaTeX Font Info:    Redeclaring math alphabet \mathsf on input line 294.
LaTeX Font Info:    Redeclaring math alphabet \mathtt on input line 295.
LaTeX Font Info:    Redeclaring math alphabet \mathit on input line 301.
LaTeX Info: Redefining \em on input line 311.

(/usr/local/texlive/2008/texmf-dist/tex/latex/base/latexsym.sty
Package: latexsym 1998/08/17 v2.2e Standard LaTeX package (lasy symbols)
\symlasy=\mathgroup10
LaTeX Font Info:    Overwriting symbol font `lasy' in version `bold'
(Font)                  U/lasy/m/n --> U/lasy/b/n on input line 47.
)
LaTeX Font Info:    Redeclaring math delimiter \lgroup on input line 375.
LaTeX Font Info:    Redeclaring math delimiter \rgroup on input line 377.
LaTeX Font Info:    Redeclaring math delimiter \bracevert on input line 379.
)
(/usr/local/texlive/2008/texmf-dist/tex/latex/base/article.cls
Document Class: article 2005/09/16 v1.4f Standard LaTeX document class
(/usr/local/texlive/2008/texmf-dist/tex/latex/base/size10.clo
File: size10.clo 2005/09/16 v1.4f Standard LaTeX file (size option)
)
\c@part=\count83
\c@section=\count84
\c@subsection=\count85
\c@subsubsection=\count86
\c@paragraph=\count87
\c@subparagraph=\count88
\c@figure=\count89
\c@table=\count90
\abovecaptionskip=\skip41
\belowcaptionskip=\skip42
Compatibility mode: definition of \rm ignored.
Compatibility mode: definition of \sf ignored.
Compatibility mode: definition of \tt ignored.
Compatibility mode: definition of \bf ignored.
Compatibility mode: definition of \it ignored.
Compatibility mode: definition of \sl ignored.
Compatibility mode: definition of \sc ignored.
LaTeX Info: Redefining \cal on input line 506.
LaTeX Info: Redefining \mit on input line 507.
\bibindent=\dimen105
)
(./estylf_es.sty
\titlebox=\skip43
)
(/usr/local/texlive/2008/texmf-dist/tex/latex/graphics/epsfig.sty
Package: epsfig 1999/02/16 v1.7a (e)psfig emulation (SPQR)

(/usr/local/texlive/2008/texmf-dist/tex/latex/graphics/graphicx.sty
Package: graphicx 1999/02/16 v1.0f Enhanced LaTeX Graphics (DPC,SPQR)

(/usr/local/texlive/2008/texmf-dist/tex/latex/graphics/keyval.sty
Package: keyval 1999/03/16 v1.13 key=value parser (DPC)
\KV@toks@=\toks14
)
(/usr/local/texlive/2008/texmf-dist/tex/latex/graphics/graphics.sty
Package: graphics 2006/02/20 v1.0o Standard LaTeX Graphics (DPC,SPQR)

(/usr/local/texlive/2008/texmf-dist/tex/latex/graphics/trig.sty
Package: trig 1999/03/16 v1.09 sin cos tan (DPC)
)
(/usr/local/texlive/2008/texmf/tex/latex/config/graphics.cfg
File: graphics.cfg 2007/01/18 v1.5 graphics configuration of teTeX/TeXLive
)
Package graphics Info: Driver file: dvips.def on input line 90.

(/usr/local/texlive/2008/texmf-dist/tex/latex/graphics/dvips.def
File: dvips.def 1999/02/16 v3.0i Driver-dependant file (DPC,SPQR)
))
\Gin@req@height=\dimen106
\Gin@req@width=\dimen107
)
\epsfxsize=\dimen108
\epsfysize=\dimen109
)
(./estylf2010_es.aux)
\openout1 = `estylf2010_es.aux'.

LaTeX Font Info:    Checking defaults for OML/cmm/m/it on input line 3.
LaTeX Font Info:    ... okay on input line 3.
LaTeX Font Info:    Checking defaults for T1/cmr/m/n on input line 3.
LaTeX Font Info:    ... okay on input line 3.
LaTeX Font Info:    Checking defaults for OT1/cmr/m/n on input line 3.
LaTeX Font Info:    ... okay on input line 3.
LaTeX Font Info:    Checking defaults for OMS/cmsy/m/n on input line 3.
LaTeX Font Info:    ... okay on input line 3.
LaTeX Font Info:    Checking defaults for OMX/cmex/m/n on input line 3.
LaTeX Font Info:    ... okay on input line 3.
LaTeX Font Info:    Checking defaults for U/cmr/m/n on input line 3.
LaTeX Font Info:    ... okay on input line 3.
LaTeX Font Info:    External font `cmex10' loaded for size
(Font)              <7> on input line 20.
LaTeX Font Info:    External font `cmex10' loaded for size
(Font)              <5> on input line 20.
LaTeX Font Info:    Try loading font information for U+lasy on input line 20.

(/usr/local/texlive/2008/texmf-dist/tex/latex/base/ulasy.fd
File: ulasy.fd 1998/08/17 v2.2e LaTeX symbol font definitions
)
LaTeX Font Info:    Try loading font information for OMS+cmr on input line 20.

(/usr/local/texlive/2008/texmf-dist/tex/latex/base/omscmr.fd
File: omscmr.fd 1999/05/25 v2.5h Standard LaTeX font definitions
)
LaTeX Font Info:    Font shape `OMS/cmr/m/n' in size <9> not available
(Font)              Font shape `OMS/cmsy/m/n' tried instead on input line 20.

Underfull \hbox (badness 1365) in paragraph at lines 30--31
[]\OT1/cmr/bx/n/10 Palabras Clave: \OT1/cmr/m/n/10 Sis-temas di-fu-sos, Al-
 []

Missing character: There is no ü in font cmr10!
File: eps/conjdif.eps Graphic file (type eps)
<eps/conjdif.eps>

LaTeX Warning: `h' float specifier changed to `ht'.

[1



]
File: eps/matrizvar.eps Graphic file (type eps)
 <eps/matrizvar.eps>
Underfull \vbox (badness 3492) has occurred while \output is active []

File: eps/variablex.eps Graphic file (type eps)

<eps/variablex.eps>
LaTeX Font Info:    Font shape `OMS/cmr/m/n' in size <10> not available
(Font)              Font shape `OMS/cmsy/m/n' tried instead on input line 120.
 [2]
File: estylf2010.eps Graphic file (type eps)
 <estylf2010.eps> [3]
Underfull \hbox (badness 10000) in paragraph at lines 231--233
[]\OT1/cmr/m/n/10 Del
 []


Underfull \hbox (badness 1412) in paragraph at lines 233--235
[]\OT1/cmr/m/n/10 Finalmente, se mod-i-fica el valor al-ma-ce-nado
 []


Underfull \hbox (badness 3108) in paragraph at lines 233--235
\OT1/cmr/m/n/10 en $\OML/cmm/m/it/10 M[]\OT1/cmr/m/n/10 [\OML/cmm/m/it/10 r[]\O
T1/cmr/m/n/10 ]$, por el al-ma-ce-nado en la celda
 []

Missing character: There is no ñ in font cmr10!

Underfull \hbox (badness 1297) in paragraph at lines 248--250
[]\OT1/cmr/m/n/10 Se ob-tiene un valor aleato-rio para el nuevo
 []

[4] [5]
Underfull \hbox (badness 10000) in paragraph at lines 386--387
[]\OT1/cmr/m/n/10 Este al-go-ritmo se eje-cuta con los sigu-ientes
 []

Missing character: There is no ñ in font cmr10!
[6]
Missing character: There is no ó in font cmr10!
Missing character: There is no í in font cmr10!
Missing character: There is no í in font cmr10!
Missing character: There is no é in font cmr10!
Missing character: There is no ó in font cmr10!
Missing character: There is no ó in font cmr10!
Missing character: There is no á in font cmr10!
Missing character: There is no á in font cmr10!
Missing character: There is no ó in font cmr10!
Missing character: There is no ú in font cmr10!
Missing character: There is no í in font cmr10!
Missing character: There is no ó in font cmr10!
Missing character: There is no ó in font cmbx10!
Missing character: There is no á in font cmr10!
Missing character: There is no í in font cmr10!
Missing character: There is no í in font cmr10!
Missing character: There is no í in font cmr10!
Missing character: There is no í in font cmbx10!
Missing character: There is no í in font cmr10!

Overfull \hbox (1.63759pt too wide) in alignment at lines 432--434
 [][][] []
 []

Missing character: There is no ó in font cmr10!
Missing character: There is no ó in font cmr10!
Missing character: There is no ó in font cmr10!
Missing character: There is no ó in font cmbx10!
Missing character: There is no í in font cmbx10!
Missing character: There is no í in font cmr10!
Missing character: There is no ó in font cmr10!
Missing character: There is no á in font cmr10!
Missing character: There is no ó in font cmr10!
[7]
Missing character: There is no ó in font cmr10!
Missing character: There is no ú in font cmr10!
Missing character: There is no í in font cmr10!
Missing character: There is no ó in font cmr10!
Missing character: There is no í in font cmr10!
Missing character: There is no ó in font cmr10!
Missing character: There is no ó in font cmr10!
Missing character: There is no ú in font cmr10!
Missing character: There is no ú in font cmr10!
Missing character: There is no ó in font cmr10!
Missing character: There is no á in font cmr10!
Missing character: There is no á in font cmr10!
Missing character: There is no í in font cmr10!
Missing character: There is no á in font cmr10!
Missing character: There is no ñ in font cmr10!
Missing character: There is no ó in font cmr10!
Missing character: There is no ú in font cmr10!
Missing character: There is no á in font cmr10!
Missing character: There is no ú in font cmr10!
Missing character: There is no é in font cmr10!
Missing character: There is no ó in font cmr10!
Missing character: There is no ó in font cmr10!
Missing character: There is no ó in font cmr10!
Missing character: There is no é in font cmr10!
Missing character: There is no ó in font cmr10!
Missing character: There is no ó in font cmr10!
Missing character: There is no á in font cmr10!
Missing character: There is no ó in font cmr10!
Missing character: There is no í in font cmr10!
Missing character: There is no ó in font cmr10!

Underfull \vbox (badness 10000) has occurred while \output is active []

Missing character: There is no ó in font cmr10!
Missing character: There is no í in font cmr10!
Missing character: There is no ó in font cmr10!
Missing character: There is no í in font cmr10!
Missing character: There is no ± in font cmr10!
Missing character: There is no ± in font cmr10!
Missing character: There is no ± in font cmr10!
Missing character: There is no ± in font cmr10!
Missing character: There is no ± in font cmr10!
Missing character: There is no ± in font cmr10!
Missing character: There is no ± in font cmr10!
Missing character: There is no ± in font cmr10!
Missing character: There is no ± in font cmr10!
Missing character: There is no ± in font cmr10!
Missing character: There is no ± in font cmr10!
Missing character: There is no ± in font cmr10!

Overfull \hbox (21.4458pt too wide) in paragraph at lines 501--509
 [] 
 []

Missing character: There is no ñ in font cmr10!
Missing character: There is no ñ in font cmr10!
Missing character: There is no ñ in font cmr10!
[8]
Underfull \hbox (badness 1184) in paragraph at lines 546--548
\OT1/cmr/m/n/10 se podr^^S^^Pa ll-e-var a cabo una etapa de post-
 []


Underfull \hbox (badness 10000) in paragraph at lines 549--551
[]\OT1/cmr/m/n/10 Aplicar al-go-rit-mos gen^^Seticos mul-ti-ob-je-
 []


Underfull \hbox (badness 10000) in paragraph at lines 580--581
\OT1/cmr/m/n/10 P.A. Castillo, J.
 []

[9] (./estylf2010_es.aux) ) 
Here is how much of TeX's memory you used:
 746 strings out of 493877
 9366 string characters out of 1150592
 65748 words of memory out of 3000000
 4041 multiletter control sequences out of 10000+50000
 11062 words of font info for 41 fonts, out of 3000000 for 5000
 714 hyphenation exceptions out of 8191
 34i,17n,21p,562b,262s stack positions out of 5000i,500n,10000p,200000b,50000s

Output written on estylf2010_es.dvi (9 pages, 54724 bytes).
